* commit a1a6cf19a75ab2e5f1d2fe03a31ccbaa5b0a9f72
| Author: ljwharbers <l.j.w.harbers@gmail.com>
| Date:   Fri Mar 5 11:19:11 2021 +0100
| 
|     added revision scripts
| 
* commit effda54ac2b8dec895ef7a142b2dc512bb9cdfff
| Author: ljwharbers <l.j.w.harbers@gmail.com>
| Date:   Thu Feb 25 14:15:24 2021 +0100
| 
|     split scripts into manuscript and revision folders. Added revision scripts
| 
* commit 96328cdfb54b85a6a5818f1b2427518f90c0cd30
| Author: ljwharbers <l.j.w.harbers@gmail.com>
| Date:   Tue Jan 5 11:59:36 2021 +0100
| 
|     added demultiplex and read filter scripts
| 
* commit daf9f932e5a261e179f97f6a4f5be368a9025785
| Author: ljwharbers <l.j.w.harbers@gmail.com>
| Date:   Tue Jan 5 11:56:07 2021 +0100
| 
|     added readme and removed deduplication step
| 
* commit eaae22c38c68c2093139587ee902cd4150c04165
| Author: ljwharbers <40829819+ljwharbers@users.noreply.github.com>
| Date:   Tue Jan 5 11:39:56 2021 +0100
| 
|     Create README.md
| 
* commit d4ad167d36612fa08d0200528fbec359fd59ad2c
| Author: ljwharbers <l.j.w.harbers@gmail.com>
| Date:   Tue Jan 5 11:39:31 2021 +0100
| 
|     added preprocessing pipeline scripts
| 
* commit 245bc65cfd8190bb563a8eaa0e0f772a41009d1f
  Author: ljwharbers <l.j.w.harbers@gmail.com>
  Date:   Tue Jan 5 11:37:02 2021 +0100
  
      first commit
